[13:06:51] CDK Toolkit CLI version: 2.1121.0 (build 7abdd4e)
[13:06:51] Command line arguments: {
  _: [ 'synth' ],
  verbose: 1,
  v: 1,
  debug: true,
  app: undefined,
  a: undefined,
  build: undefined,
  trace: undefined,
  strict: undefined,
  lookups: true,
  'ignore-errors': false,
  ignoreErrors: false,
  json: false,
  j: false,
  profile: undefined,
  proxy: undefined,
  'ca-bundle-path': undefined,
  caBundlePath: undefined,
  ec2creds: undefined,
  i: undefined,
  'version-reporting': undefined,
  telemetry: undefined,
  versionReporting: undefined,
  'path-metadata': undefined,
  pathMetadata: undefined,
  'asset-metadata': undefined,
  assetMetadata: undefined,
  'role-arn': undefined,
  r: undefined,
  roleArn: undefined,
  staging: true,
  output: undefined,
  o: undefined,
  notices: undefined,
  'no-color': false,
  noColor: false,
  color: undefined,
  ci: false,
  unstable: [],
  'telemetry-file': undefined,
  telemetryFile: undefined,
  yes: false,
  y: false,
  exclusively: undefined,
  e: undefined,
  validation: true,
  quiet: false,
  q: false,
  '$0': 'cdk',
  language: undefined
}
[13:06:51] cdk.json: {
  "app": "python3 app.py",
  "watch": {
    "include": [
      "**"
    ],
    "exclude": [
      "README.md",
      "cdk*.json",
      "requirements*.txt",
      "source.bat",
      "**/__init__.py",
      "**/__pycache__",
      "tests"
    ]
  },
  "context": {
    "@aws-cdk/aws-signer:signingProfileNamePassedToCfn": true,
    "@aws-cdk/aws-ecs-patterns:secGroupsDisablesImplicitOpenListener": true,
    "@aws-cdk/aws-lambda:recognizeLayerVersion": true,
    "@aws-cdk/core:checkSecretUsage": true,
    "@aws-cdk/core:target-partitions": [
      "aws",
      "aws-cn"
    ],
    "@aws-cdk-containers/ecs-service-extensions:enableDefaultLogDriver": true,
    "@aws-cdk/aws-ec2:uniqueImdsv2TemplateName": true,
    "@aws-cdk/aws-ecs:arnFormatIncludesClusterName": true,
    "@aws-cdk/aws-iam:minimizePolicies": true,
    "@aws-cdk/core:validateSnapshotRemovalPolicy": true,
    "@aws-cdk/aws-codepipeline:crossAccountKeyAliasStackSafeResourceName": true,
    "@aws-cdk/aws-s3:createDefaultLoggingPolicy": true,
    "@aws-cdk/aws-sns-subscriptions:restrictSqsDescryption": true,
    "@aws-cdk/aws-apigateway:disableCloudWatchRole": true,
    "@aws-cdk/core:enablePartitionLiterals": true,
    "@aws-cdk/aws-events:eventsTargetQueueSameAccount": true,
    "@aws-cdk/aws-ecs:disableExplicitDeploymentControllerForCircuitBreaker": true,
    "@aws-cdk/aws-iam:importedRoleStackSafeDefaultPolicyName": true,
    "@aws-cdk/aws-s3:serverAccessLogsUseBucketPolicy": true,
    "@aws-cdk/aws-route53-patters:useCertificate": true,
    "@aws-cdk/customresources:installLatestAwsSdkDefault": false,
    "@aws-cdk/aws-rds:databaseProxyUniqueResourceName": true,
    "@aws-cdk/aws-codedeploy:removeAlarmsFromDeploymentGroup": true,
    "@aws-cdk/aws-apigateway:authorizerChangeDeploymentLogicalId": true,
    "@aws-cdk/aws-ec2:launchTemplateDefaultUserData": true,
    "@aws-cdk/aws-secretsmanager:useAttachedSecretResourcePolicyForSecretTargetAttachments": true,
    "@aws-cdk/aws-redshift:columnId": true,
    "@aws-cdk/aws-stepfunctions-tasks:enableEmrServicePolicyV2": true,
    "@aws-cdk/aws-ec2:restrictDefaultSecurityGroup": true,
    "@aws-cdk/aws-apigateway:requestValidatorUniqueId": true,
    "@aws-cdk/aws-kms:aliasNameRef": true,
    "@aws-cdk/aws-kms:applyImportedAliasPermissionsToPrincipal": true,
    "@aws-cdk/aws-autoscaling:generateLaunchTemplateInsteadOfLaunchConfig": true,
    "@aws-cdk/core:includePrefixInUniqueNameGeneration": true,
    "@aws-cdk/aws-efs:denyAnonymousAccess": true,
    "@aws-cdk/aws-opensearchservice:enableOpensearchMultiAzWithStandby": true,
    "@aws-cdk/aws-lambda-nodejs:useLatestRuntimeVersion": true,
    "@aws-cdk/aws-efs:mountTargetOrderInsensitiveLogicalId": true,
    "@aws-cdk/aws-rds:auroraClusterChangeScopeOfInstanceParameterGroupWithEachParameters": true,
    "@aws-cdk/aws-appsync:useArnForSourceApiAssociationIdentifier": true,
    "@aws-cdk/aws-rds:preventRenderingDeprecatedCredentials": true,
    "@aws-cdk/aws-codepipeline-actions:useNewDefaultBranchForCodeCommitSource": true,
    "@aws-cdk/aws-cloudwatch-actions:changeLambdaPermissionLogicalIdForLambdaAction": true,
    "@aws-cdk/aws-codepipeline:crossAccountKeysDefaultValueToFalse": true,
    "@aws-cdk/aws-codepipeline:defaultPipelineTypeToV2": true,
    "@aws-cdk/aws-kms:reduceCrossAccountRegionPolicyScope": true,
    "@aws-cdk/aws-eks:nodegroupNameAttribute": true,
    "@aws-cdk/aws-eks:useNativeOidcProvider": true,
    "@aws-cdk/aws-ec2:ebsDefaultGp3Volume": true,
    "@aws-cdk/aws-ecs:removeDefaultDeploymentAlarm": true,
    "@aws-cdk/custom-resources:logApiResponseDataPropertyTrueDefault": false,
    "@aws-cdk/aws-s3:keepNotificationInImportedBucket": false,
    "@aws-cdk/core:explicitStackTags": true,
    "@aws-cdk/aws-ecs:reduceEc2FargateCloudWatchPermissions": true,
    "@aws-cdk/aws-dynamodb:resourcePolicyPerReplica": true,
    "@aws-cdk/aws-ec2:ec2SumTImeoutEnabled": true,
    "@aws-cdk/aws-appsync:appSyncGraphQLAPIScopeLambdaPermission": true,
    "@aws-cdk/aws-rds:setCorrectValueForDatabaseInstanceReadReplicaInstanceResourceId": true,
    "@aws-cdk/core:cfnIncludeRejectComplexResourceUpdateCreatePolicyIntrinsics": true,
    "@aws-cdk/aws-lambda-nodejs:sdkV3ExcludeSmithyPackages": true,
    "@aws-cdk/aws-stepfunctions-tasks:fixRunEcsTaskPolicy": true,
    "@aws-cdk/aws-ec2:bastionHostUseAmazonLinux2023ByDefault": true,
    "@aws-cdk/aws-route53-targets:userPoolDomainNameMethodWithoutCustomResource": true,
    "@aws-cdk/aws-elasticloadbalancingV2:albDualstackWithoutPublicIpv4SecurityGroupRulesDefault": true,
    "@aws-cdk/aws-iam:oidcRejectUnauthorizedConnections": true,
    "@aws-cdk/core:enableAdditionalMetadataCollection": true,
    "@aws-cdk/aws-lambda:createNewPoliciesWithAddToRolePolicy": false,
    "@aws-cdk/aws-s3:setUniqueReplicationRoleName": true,
    "@aws-cdk/aws-events:requireEventBusPolicySid": true,
    "@aws-cdk/core:aspectPrioritiesMutating": true,
    "@aws-cdk/aws-dynamodb:retainTableReplica": true,
    "@aws-cdk/aws-stepfunctions:useDistributedMapResultWriterV2": true,
    "@aws-cdk/s3-notifications:addS3TrustKeyPolicyForSnsSubscriptions": true,
    "@aws-cdk/aws-ec2:requirePrivateSubnetsForEgressOnlyInternetGateway": true,
    "@aws-cdk/aws-s3:publicAccessBlockedByDefault": true,
    "@aws-cdk/aws-lambda:useCdkManagedLogGroup": true,
    "@aws-cdk/aws-elasticloadbalancingv2:networkLoadBalancerWithSecurityGroupByDefault": true,
    "@aws-cdk/aws-ecs-patterns:uniqueTargetGroupId": true,
    "@aws-cdk/aws-route53-patterns:useDistribution": true,
    "@aws-cdk/aws-cloudfront:defaultFunctionRuntimeV2_0": true,
    "@aws-cdk/aws-elasticloadbalancingv2:usePostQuantumTlsPolicy": true,
    "@aws-cdk/aws-batch:defaultToAL2023": true
  }
}
[13:06:51] merged settings: {
  versionReporting: true,
  assetMetadata: true,
  pathMetadata: true,
  output: 'cdk.out',
  app: 'python3 app.py',
  watch: {
    include: [ '**' ],
    exclude: [
      'README.md',
      'cdk*.json',
      'requirements*.txt',
      'source.bat',
      '**/__init__.py',
      '**/__pycache__',
      'tests'
    ]
  },
  context: {
    '@aws-cdk/aws-signer:signingProfileNamePassedToCfn': true,
    '@aws-cdk/aws-ecs-patterns:secGroupsDisablesImplicitOpenListener': true,
    '@aws-cdk/aws-lambda:recognizeLayerVersion': true,
    '@aws-cdk/core:checkSecretUsage': true,
    '@aws-cdk/core:target-partitions': [ 'aws', 'aws-cn' ],
    '@aws-cdk-containers/ecs-service-extensions:enableDefaultLogDriver': true,
    '@aws-cdk/aws-ec2:uniqueImdsv2TemplateName': true,
    '@aws-cdk/aws-ecs:arnFormatIncludesClusterName': true,
    '@aws-cdk/aws-iam:minimizePolicies': true,
    '@aws-cdk/core:validateSnapshotRemovalPolicy': true,
    '@aws-cdk/aws-codepipeline:crossAccountKeyAliasStackSafeResourceName': true,
    '@aws-cdk/aws-s3:createDefaultLoggingPolicy': true,
    '@aws-cdk/aws-sns-subscriptions:restrictSqsDescryption': true,
    '@aws-cdk/aws-apigateway:disableCloudWatchRole': true,
    '@aws-cdk/core:enablePartitionLiterals': true,
    '@aws-cdk/aws-events:eventsTargetQueueSameAccount': true,
    '@aws-cdk/aws-ecs:disableExplicitDeploymentControllerForCircuitBreaker': true,
    '@aws-cdk/aws-iam:importedRoleStackSafeDefaultPolicyName': true,
    '@aws-cdk/aws-s3:serverAccessLogsUseBucketPolicy': true,
    '@aws-cdk/aws-route53-patters:useCertificate': true,
    '@aws-cdk/customresources:installLatestAwsSdkDefault': false,
    '@aws-cdk/aws-rds:databaseProxyUniqueResourceName': true,
    '@aws-cdk/aws-codedeploy:removeAlarmsFromDeploymentGroup': true,
    '@aws-cdk/aws-apigateway:authorizerChangeDeploymentLogicalId': true,
    '@aws-cdk/aws-ec2:launchTemplateDefaultUserData': true,
    '@aws-cdk/aws-secretsmanager:useAttachedSecretResourcePolicyForSecretTargetAttachments': true,
    '@aws-cdk/aws-redshift:columnId': true,
    '@aws-cdk/aws-stepfunctions-tasks:enableEmrServicePolicyV2': true,
    '@aws-cdk/aws-ec2:restrictDefaultSecurityGroup': true,
    '@aws-cdk/aws-apigateway:requestValidatorUniqueId': true,
    '@aws-cdk/aws-kms:aliasNameRef': true,
    '@aws-cdk/aws-kms:applyImportedAliasPermissionsToPrincipal': true,
    '@aws-cdk/aws-autoscaling:generateLaunchTemplateInsteadOfLaunchConfig': true,
    '@aws-cdk/core:includePrefixInUniqueNameGeneration': true,
    '@aws-cdk/aws-efs:denyAnonymousAccess': true,
    '@aws-cdk/aws-opensearchservice:enableOpensearchMultiAzWithStandby': true,
    '@aws-cdk/aws-lambda-nodejs:useLatestRuntimeVersion': true,
    '@aws-cdk/aws-efs:mountTargetOrderInsensitiveLogicalId': true,
    '@aws-cdk/aws-rds:auroraClusterChangeScopeOfInstanceParameterGroupWithEachParameters': true,
    '@aws-cdk/aws-appsync:useArnForSourceApiAssociationIdentifier': true,
    '@aws-cdk/aws-rds:preventRenderingDeprecatedCredentials': true,
    '@aws-cdk/aws-codepipeline-actions:useNewDefaultBranchForCodeCommitSource': true,
    '@aws-cdk/aws-cloudwatch-actions:changeLambdaPermissionLogicalIdForLambdaAction': true,
    '@aws-cdk/aws-codepipeline:crossAccountKeysDefaultValueToFalse': true,
    '@aws-cdk/aws-codepipeline:defaultPipelineTypeToV2': true,
    '@aws-cdk/aws-kms:reduceCrossAccountRegionPolicyScope': true,
    '@aws-cdk/aws-eks:nodegroupNameAttribute': true,
    '@aws-cdk/aws-eks:useNativeOidcProvider': true,
    '@aws-cdk/aws-ec2:ebsDefaultGp3Volume': true,
    '@aws-cdk/aws-ecs:removeDefaultDeploymentAlarm': true,
    '@aws-cdk/custom-resources:logApiResponseDataPropertyTrueDefault': false,
    '@aws-cdk/aws-s3:keepNotificationInImportedBucket': false,
    '@aws-cdk/core:explicitStackTags': true,
    '@aws-cdk/aws-ecs:reduceEc2FargateCloudWatchPermissions': true,
    '@aws-cdk/aws-dynamodb:resourcePolicyPerReplica': true,
    '@aws-cdk/aws-ec2:ec2SumTImeoutEnabled': true,
    '@aws-cdk/aws-appsync:appSyncGraphQLAPIScopeLambdaPermission': true,
    '@aws-cdk/aws-rds:setCorrectValueForDatabaseInstanceReadReplicaInstanceResourceId': true,
    '@aws-cdk/core:cfnIncludeRejectComplexResourceUpdateCreatePolicyIntrinsics': true,
    '@aws-cdk/aws-lambda-nodejs:sdkV3ExcludeSmithyPackages': true,
    '@aws-cdk/aws-stepfunctions-tasks:fixRunEcsTaskPolicy': true,
    '@aws-cdk/aws-ec2:bastionHostUseAmazonLinux2023ByDefault': true,
    '@aws-cdk/aws-route53-targets:userPoolDomainNameMethodWithoutCustomResource': true,
    '@aws-cdk/aws-elasticloadbalancingV2:albDualstackWithoutPublicIpv4SecurityGroupRulesDefault': true,
    '@aws-cdk/aws-iam:oidcRejectUnauthorizedConnections': true,
    '@aws-cdk/core:enableAdditionalMetadataCollection': true,
    '@aws-cdk/aws-lambda:createNewPoliciesWithAddToRolePolicy': false,
    '@aws-cdk/aws-s3:setUniqueReplicationRoleName': true,
    '@aws-cdk/aws-events:requireEventBusPolicySid': true,
    '@aws-cdk/core:aspectPrioritiesMutating': true,
    '@aws-cdk/aws-dynamodb:retainTableReplica': true,
    '@aws-cdk/aws-stepfunctions:useDistributedMapResultWriterV2': true,
    '@aws-cdk/s3-notifications:addS3TrustKeyPolicyForSnsSubscriptions': true,
    '@aws-cdk/aws-ec2:requirePrivateSubnetsForEgressOnlyInternetGateway': true,
    '@aws-cdk/aws-s3:publicAccessBlockedByDefault': true,
    '@aws-cdk/aws-lambda:useCdkManagedLogGroup': true,
    '@aws-cdk/aws-elasticloadbalancingv2:networkLoadBalancerWithSecurityGroupByDefault': true,
    '@aws-cdk/aws-ecs-patterns:uniqueTargetGroupId': true,
    '@aws-cdk/aws-route53-patterns:useDistribution': true,
    '@aws-cdk/aws-cloudfront:defaultFunctionRuntimeV2_0': true,
    '@aws-cdk/aws-elasticloadbalancingv2:usePostQuantumTlsPolicy': true,
    '@aws-cdk/aws-batch:defaultToAL2023': true
  },
  debug: true,
  toolkitBucket: {},
  staging: true,
  bundlingStacks: [ '**' ],
  lookups: true,
  hotswap: { ecs: {} },
  unstable: []
}
[13:06:51] Toolkit stack: CDKToolkit
[13:06:51] context: {
  '@aws-cdk/aws-signer:signingProfileNamePassedToCfn': true,
  '@aws-cdk/aws-ecs-patterns:secGroupsDisablesImplicitOpenListener': true,
  '@aws-cdk/aws-lambda:recognizeLayerVersion': true,
  '@aws-cdk/core:checkSecretUsage': true,
  '@aws-cdk/core:target-partitions': [ 'aws', 'aws-cn' ],
  '@aws-cdk-containers/ecs-service-extensions:enableDefaultLogDriver': true,
  '@aws-cdk/aws-ec2:uniqueImdsv2TemplateName': true,
  '@aws-cdk/aws-ecs:arnFormatIncludesClusterName': true,
  '@aws-cdk/aws-iam:minimizePolicies': true,
  '@aws-cdk/core:validateSnapshotRemovalPolicy': true,
  '@aws-cdk/aws-codepipeline:crossAccountKeyAliasStackSafeResourceName': true,
  '@aws-cdk/aws-s3:createDefaultLoggingPolicy': true,
  '@aws-cdk/aws-sns-subscriptions:restrictSqsDescryption': true,
  '@aws-cdk/aws-apigateway:disableCloudWatchRole': true,
  '@aws-cdk/core:enablePartitionLiterals': true,
  '@aws-cdk/aws-events:eventsTargetQueueSameAccount': true,
  '@aws-cdk/aws-ecs:disableExplicitDeploymentControllerForCircuitBreaker': true,
  '@aws-cdk/aws-iam:importedRoleStackSafeDefaultPolicyName': true,
  '@aws-cdk/aws-s3:serverAccessLogsUseBucketPolicy': true,
  '@aws-cdk/aws-route53-patters:useCertificate': true,
  '@aws-cdk/customresources:installLatestAwsSdkDefault': false,
  '@aws-cdk/aws-rds:databaseProxyUniqueResourceName': true,
  '@aws-cdk/aws-codedeploy:removeAlarmsFromDeploymentGroup': true,
  '@aws-cdk/aws-apigateway:authorizerChangeDeploymentLogicalId': true,
  '@aws-cdk/aws-ec2:launchTemplateDefaultUserData': true,
  '@aws-cdk/aws-secretsmanager:useAttachedSecretResourcePolicyForSecretTargetAttachments': true,
  '@aws-cdk/aws-redshift:columnId': true,
  '@aws-cdk/aws-stepfunctions-tasks:enableEmrServicePolicyV2': true,
  '@aws-cdk/aws-ec2:restrictDefaultSecurityGroup': true,
  '@aws-cdk/aws-apigateway:requestValidatorUniqueId': true,
  '@aws-cdk/aws-kms:aliasNameRef': true,
  '@aws-cdk/aws-kms:applyImportedAliasPermissionsToPrincipal': true,
  '@aws-cdk/aws-autoscaling:generateLaunchTemplateInsteadOfLaunchConfig': true,
  '@aws-cdk/core:includePrefixInUniqueNameGeneration': true,
  '@aws-cdk/aws-efs:denyAnonymousAccess': true,
  '@aws-cdk/aws-opensearchservice:enableOpensearchMultiAzWithStandby': true,
  '@aws-cdk/aws-lambda-nodejs:useLatestRuntimeVersion': true,
  '@aws-cdk/aws-efs:mountTargetOrderInsensitiveLogicalId': true,
  '@aws-cdk/aws-rds:auroraClusterChangeScopeOfInstanceParameterGroupWithEachParameters': true,
  '@aws-cdk/aws-appsync:useArnForSourceApiAssociationIdentifier': true,
  '@aws-cdk/aws-rds:preventRenderingDeprecatedCredentials': true,
  '@aws-cdk/aws-codepipeline-actions:useNewDefaultBranchForCodeCommitSource': true,
  '@aws-cdk/aws-cloudwatch-actions:changeLambdaPermissionLogicalIdForLambdaAction': true,
  '@aws-cdk/aws-codepipeline:crossAccountKeysDefaultValueToFalse': true,
  '@aws-cdk/aws-codepipeline:defaultPipelineTypeToV2': true,
  '@aws-cdk/aws-kms:reduceCrossAccountRegionPolicyScope': true,
  '@aws-cdk/aws-eks:nodegroupNameAttribute': true,
  '@aws-cdk/aws-eks:useNativeOidcProvider': true,
  '@aws-cdk/aws-ec2:ebsDefaultGp3Volume': true,
  '@aws-cdk/aws-ecs:removeDefaultDeploymentAlarm': true,
  '@aws-cdk/custom-resources:logApiResponseDataPropertyTrueDefault': false,
  '@aws-cdk/aws-s3:keepNotificationInImportedBucket': false,
  '@aws-cdk/core:explicitStackTags': true,
  '@aws-cdk/aws-ecs:reduceEc2FargateCloudWatchPermissions': true,
  '@aws-cdk/aws-dynamodb:resourcePolicyPerReplica': true,
  '@aws-cdk/aws-ec2:ec2SumTImeoutEnabled': true,
  '@aws-cdk/aws-appsync:appSyncGraphQLAPIScopeLambdaPermission': true,
  '@aws-cdk/aws-rds:setCorrectValueForDatabaseInstanceReadReplicaInstanceResourceId': true,
  '@aws-cdk/core:cfnIncludeRejectComplexResourceUpdateCreatePolicyIntrinsics': true,
  '@aws-cdk/aws-lambda-nodejs:sdkV3ExcludeSmithyPackages': true,
  '@aws-cdk/aws-stepfunctions-tasks:fixRunEcsTaskPolicy': true,
  '@aws-cdk/aws-ec2:bastionHostUseAmazonLinux2023ByDefault': true,
  '@aws-cdk/aws-route53-targets:userPoolDomainNameMethodWithoutCustomResource': true,
  '@aws-cdk/aws-elasticloadbalancingV2:albDualstackWithoutPublicIpv4SecurityGroupRulesDefault': true,
  '@aws-cdk/aws-iam:oidcRejectUnauthorizedConnections': true,
  '@aws-cdk/core:enableAdditionalMetadataCollection': true,
  '@aws-cdk/aws-lambda:createNewPoliciesWithAddToRolePolicy': false,
  '@aws-cdk/aws-s3:setUniqueReplicationRoleName': true,
  '@aws-cdk/aws-events:requireEventBusPolicySid': true,
  '@aws-cdk/core:aspectPrioritiesMutating': true,
  '@aws-cdk/aws-dynamodb:retainTableReplica': true,
  '@aws-cdk/aws-stepfunctions:useDistributedMapResultWriterV2': true,
  '@aws-cdk/s3-notifications:addS3TrustKeyPolicyForSnsSubscriptions': true,
  '@aws-cdk/aws-ec2:requirePrivateSubnetsForEgressOnlyInternetGateway': true,
  '@aws-cdk/aws-s3:publicAccessBlockedByDefault': true,
  '@aws-cdk/aws-lambda:useCdkManagedLogGroup': true,
  '@aws-cdk/aws-elasticloadbalancingv2:networkLoadBalancerWithSecurityGroupByDefault': true,
  '@aws-cdk/aws-ecs-patterns:uniqueTargetGroupId': true,
  '@aws-cdk/aws-route53-patterns:useDistribution': true,
  '@aws-cdk/aws-cloudfront:defaultFunctionRuntimeV2_0': true,
  '@aws-cdk/aws-elasticloadbalancingv2:usePostQuantumTlsPolicy': true,
  '@aws-cdk/aws-batch:defaultToAL2023': true,
  'aws:cdk:enable-path-metadata': true,
  'aws:cdk:enable-asset-metadata': true,
  'aws:cdk:version-reporting': true,
  'aws:cdk:bundling-stacks': [ '**' ]
}
🔍 Synthesizing with debug information. This may take a bit longer.
[13:06:51] Setting "CDK_DEFAULT_REGION" environment variable to ap-east-1
[13:06:51] Reading cached notices from /Users/qianxia/.cdk/cache/notices.json
[13:06:51] Retrieved account ID 324037279296 from disk cache
[13:06:51] Setting "CDK_DEFAULT_ACCOUNT" environment variable to 324037279296
[13:06:51] Not a file: 'python3 app.py'. Using 'python3 app.py as command-line
[13:06:51] outdir: cdk.out
[13:06:51] env: {
  CDK_DEFAULT_REGION: 'ap-east-1',
  CDK_DEFAULT_ACCOUNT: '324037279296',
  CDK_DEBUG: 'true',
  CDK_OUTDIR: 'cdk.out',
  CDK_CLI_ASM_VERSION: '53.0.0',
  CDK_CLI_VERSION: '2.1121.0',
  CDK_ERROR_FILE: 'cdk.out/error.txt'
}
/Users/qianxia/workspace/shopify/gwofy-guard-service/app.py:27: UserWarning: WEBHOOK_BASE_URL ('https://sp-prod.gwofy.com') does not match custom domain base ('https://sp-dev.gwofy.com'). Remove WEBHOOK_BASE_URL to use the domain default, or fix the value.
  resolved = resolve_deploy_urls(
